<?xml version="1.0" encoding="UTF-8"?>
<!-- Generated by org.testng.reporters.JUnitReportReporter -->
<testsuite hostname="LT-SHINU-MATHEW-MAC.local" failures="0" tests="2" name="com.e2e.exercises.exercise1.BaseTest" time="0.026" errors="0" timestamp="2020-11-03T20:03:32 IST" skipped="0">
  <testcase classname="com.e2e.exercises.exercise1.BaseTest" name="test2" time="0.001"/>
  <system-out/>
  <testcase classname="com.e2e.exercises.exercise1.BaseTest" name="test1" time="0.025"/>
  <system-out/>
</testsuite> <!-- com.e2e.exercises.exercise1.BaseTest -->
